During startup - Warning messages:
1: Setting LC_TIME failed, using "C" 
2: Setting LC_MONETARY failed, using "C" 
3: Setting LC_PAPER failed, using "C" 
4: Setting LC_MEASUREMENT failed, using "C" 
Loading required package: SeuratObject
Loading required package: sp

Attaching package: ‘SeuratObject’

The following objects are masked from ‘package:base’:

    intersect, t

Warning: The following arguments are not used: reductions, images
Warning: Different features in new layer data than already exists for scale.data
Warning: The default method for RunUMAP has changed from calling Python UMAP via reticulate to the R-native UWOT using the cosine metric
To use Python UMAP via reticulate, set umap.method to 'umap-learn' and metric to 'correlation'
This message will be shown once per session

Attaching package: ‘dplyr’

The following objects are masked from ‘package:stats’:

    filter, lag

The following objects are masked from ‘package:base’:

    intersect, setdiff, setequal, union

Warning message:
In asMethod(object) :
  sparse->dense coercion: allocating vector of size 24.6 GiB

Using 16633/21343 genes detected in 0.10% of cells for signature analysis.
See the `sig_gene_threshold` input to change this behavior.

Over 100000 input cells detected.  Enabling micropooling with max 10 cells per pool.
Beginning Analysis

Performing micro-pooling on 154539 cells with a target pool size of 10
    Computing a latent space for microclustering using PCA...
    Determining lateng space genes...
Error in if (tolower(filter) == "novar") { : 
  missing value where TRUE/FALSE needed
Calls: analyze ... .local -> poolCells -> applyMicroClustering -> applyFilters
Execution halted
